<?xml version="1.0" encoding="UTF-8"?>
<!-- Generated by org.testng.reporters.JUnitXMLReporter -->
<testsuite hostname="Nasirs-MacBook-Pro.local" ignored="0" name="regression8" tests="5" failures="0" timestamp="2021-07-17T00:52:32 EDT" time="14.034" errors="0">
  <testcase name="verifySearchShoes" time="1.67" classname="login.SearchTest"/>
  <testcase name="verifySearchProductCap" time="0.922" classname="login.SearchTest"/>
  <testcase name="verifySearchProductTops" time="1.017" classname="login.SearchTest"/>
  <testcase name="verifySearchProductTshirt" time="1.187" classname="login.SearchTest"/>
  <testcase name="verifySearchProductDress" time="0.899" classname="login.SearchTest"/>
</testsuite> <!-- regression8 -->
